[LOG] System::create                           : Header version = 2.01.11. Current version = 2.01.11.
[LOG] Manager::init                            : maxchannels = 256 studioflags = 00000006 flags 00000000 extradriverdata 0000000000000000.
[LOG] SystemI::init                            : Initialize version=20111 (118066), maxchannels=256, flags=0x00020000
[LOG] SystemI::setOutputInternal               : Setting output to 'FMOD WASAPI Output'
[LOG] OutputWASAPI::init                       : Mix Format (WAVEFORMATEX): wFormatTag=0xFFFE, nChannels=2, nSamplesPerSec=48000, nAvgBytesPerSec=384000, nBlockAlign=8, wBitsPerSample=32, cbSize=22.
[LOG] OutputWASAPI::init                       : Mix Format (WAVEFORMATEXTENSIBLE): wValidBitsPerSample=32, dwChannelMask=0x00000003, SubFormat=00000003-0000-0010-8000-00AA00389B71.
[LOG] OutputWASAPI::init                       : Output buffer size: 4096 samples, latency: 0.00ms, period: 10.00ms, DSP buffer: 1024 * 4
[LOG] Thread::initThread                       : Init FMOD stream thread. Affinity: 0x8000000000000003, Priority: 0xFFFF7FFB, Stack Size: 98304, Semaphore: No, Sleep Time: 10, Looping: Yes.
[LOG] Thread::initThread                       : Init FMOD mixer thread. Affinity: 0x8000000000000001, Priority: 0xFFFF7FFA, Stack Size: 81920, Semaphore: No, Sleep Time: 0, Looping: Yes.
[LOG] AsyncManager::init                       : manager 000001CA58C1EB48 isAsync 0 updatePeriod 0.02
[LOG] AsyncManager::init                       : done
[LOG] PlaybackSystem::init                     : 
[LOG] Thread::initThread                       : Init FMOD Studio sample load thread. Affinity: 0x8000000000000003, Priority: 0xFFFF7FFD, Stack Size: 98304, Semaphore: No, Sleep Time: 1, Looping: No.
[LOG] PlaybackSystem::init                     : done
[LOG] Thread::initThread                       : Init FMOD Studio bank load thread. Affinity: 0x8000000000000003, Priority: 0xFFFF7FFD, Stack Size: 98304, Semaphore: No, Sleep Time: 1, Looping: No.
[LOG] Manager::init                            : done.
[LOG] Manager::readBank                        : fileversion = 135, compatVersion = 132 (oldest = 44, newest = 135)
[LOG] Manager::readBank                        : fileversion = 135, compatVersion = 132 (oldest = 44, newest = 135)
[LOG] Manager::readBank                        : fileversion = 135, compatVersion = 132 (oldest = 44, newest = 135)
[LOG] PlaybackSystem::acquireMasterBus         : Setting master channel group format to 6
[LOG] SystemI::createSoundInternal             : Create name='', mode=0x02000202
[LOG] SystemI::createSoundInternal             : exinfo->cbsize             = 224
[LOG] SystemI::createSoundInternal             : exinfo->length             = 7140320
[LOG] SystemI::createSoundInternal             : exinfo->fileoffset         = 12256
[LOG] SystemI::createSoundInternal             : exinfo->numsubsounds       = 1
[LOG] SystemI::createSoundInternal             : exinfo->inclusionlist      = 000000B3BD9FF1E8
[LOG] SystemI::createSoundInternal             : exinfo->inclusionlistnum   = 1
[LOG] SystemI::createSoundInternal             : exinfo->suggestedsoundtype = 5
[LOG] SystemI::createSoundInternal             : exinfo->useropen           = 00007FFD684960E0
[LOG] SystemI::createSoundInternal             : exinfo->userclose          = 00007FFD684960B0
[LOG] SystemI::createSoundInternal             : exinfo->userread           = 00007FFD684961B0
[LOG] SystemI::createSoundInternal             : exinfo->userseek           = 00007FFD68496270
[LOG] SystemI::createSoundInternal             : exinfo->fileuserdata       = 000001CA60090E18
[LOG] SystemI::createSoundInternal             : exinfo->initialseekpostype = 1
[LOG] SystemI::DSPCodecPoolRegister            : register codec pool for pool type 5
[LOG] SystemI::createSoundInternal             : Sample 0/1: name='sfx_footstep_carpet_1', format=5, channels=2, frequency=48000, lengthbytes=3360, lengthpcm=15743, pcmblocksize=0, loopstart=0, loopend=0, mode=0x00000000, channelmask=0x00000000, channelorder=0, peakvolume=0.104004.
[LOG] SystemI::createSoundInternal             : Create name='', mode=0x02000202
[LOG] SystemI::createSoundInternal             : exinfo->cbsize             = 224
[LOG] SystemI::createSoundInternal             : exinfo->length             = 7140320
[LOG] SystemI::createSoundInternal             : exinfo->fileoffset         = 12256
[LOG] SystemI::createSoundInternal             : exinfo->numsubsounds       = 1
[LOG] SystemI::createSoundInternal             : exinfo->inclusionlist      = 000000B3BD9FF1E8
[LOG] SystemI::createSoundInternal             : exinfo->inclusionlistnum   = 1
[LOG] SystemI::createSoundInternal             : exinfo->suggestedsoundtype = 5
[LOG] SystemI::createSoundInternal             : exinfo->useropen           = 00007FFD684960E0
[LOG] SystemI::createSoundInternal             : exinfo->userclose          = 00007FFD684960B0
[LOG] SystemI::createSoundInternal             : exinfo->userread           = 00007FFD684961B0
[LOG] SystemI::createSoundInternal             : exinfo->userseek           = 00007FFD68496270
[LOG] SystemI::createSoundInternal             : exinfo->fileuserdata       = 000001CA60090E18
[LOG] SystemI::createSoundInternal             : exinfo->initialseekpostype = 1
[LOG] SystemI::DSPCodecPoolRegister            : register codec pool for pool type 5
[LOG] SystemI::createSoundInternal             : Sample 0/1: name='sfx_footstep_carpet_3', format=5, channels=2, frequency=48000, lengthbytes=2688, lengthpcm=12194, pcmblocksize=0, loopstart=0, loopend=0, mode=0x00000000, channelmask=0x00000000, channelorder=0, peakvolume=0.097321.
[LOG] SystemI::createSoundInternal             : Create name='', mode=0x02000202
[LOG] SystemI::createSoundInternal             : exinfo->cbsize             = 224
[LOG] SystemI::createSoundInternal             : exinfo->length             = 7140320
[LOG] SystemI::createSoundInternal             : exinfo->fileoffset         = 12256
[LOG] SystemI::createSoundInternal             : exinfo->numsubsounds       = 1
[LOG] SystemI::createSoundInternal             : exinfo->inclusionlist      = 000000B3BD9FF1E8
[LOG] SystemI::createSoundInternal             : exinfo->inclusionlistnum   = 1
[LOG] SystemI::createSoundInternal             : exinfo->suggestedsoundtype = 5
[LOG] SystemI::createSoundInternal             : exinfo->useropen           = 00007FFD684960E0
[LOG] SystemI::createSoundInternal             : exinfo->userclose          = 00007FFD684960B0
[LOG] SystemI::createSoundInternal             : exinfo->userread           = 00007FFD684961B0
[LOG] SystemI::createSoundInternal             : exinfo->userseek           = 00007FFD68496270
[LOG] SystemI::createSoundInternal             : exinfo->fileuserdata       = 000001CA60090E18
[LOG] SystemI::createSoundInternal             : exinfo->initialseekpostype = 1
[LOG] SystemI::DSPCodecPoolRegister            : register codec pool for pool type 5
[LOG] SystemI::createSoundInternal             : Sample 0/1: name='sfx_footstep_carpet_2', format=5, channels=2, frequency=48000, lengthbytes=2816, lengthpcm=12642, pcmblocksize=0, loopstart=0, loopend=0, mode=0x00000000, channelmask=0x00000000, channelorder=0, peakvolume=0.037140.
[LOG] SystemI::createSoundInternal             : Create name='', mode=0x02000202
[LOG] SystemI::createSoundInternal             : exinfo->cbsize             = 224
[LOG] SystemI::createSoundInternal             : exinfo->length             = 7140320
[LOG] SystemI::createSoundInternal             : exinfo->fileoffset         = 12256
[LOG] SystemI::createSoundInternal             : exinfo->numsubsounds       = 1
[LOG] SystemI::createSoundInternal             : exinfo->inclusionlist      = 000000B3BD9FF1E8
[LOG] SystemI::createSoundInternal             : exinfo->inclusionlistnum   = 1
[LOG] SystemI::createSoundInternal             : exinfo->suggestedsoundtype = 5
[LOG] SystemI::createSoundInternal             : exinfo->useropen           = 00007FFD684960E0
[LOG] SystemI::createSoundInternal             : exinfo->userclose          = 00007FFD684960B0
[LOG] SystemI::createSoundInternal             : exinfo->userread           = 00007FFD684961B0
[LOG] SystemI::createSoundInternal             : exinfo->userseek           = 00007FFD68496270
[LOG] SystemI::createSoundInternal             : exinfo->fileuserdata       = 000001CA60090E18
[LOG] SystemI::createSoundInternal             : exinfo->initialseekpostype = 1
[LOG] SystemI::DSPCodecPoolRegister            : register codec pool for pool type 5
[LOG] SystemI::createSoundInternal             : Sample 0/1: name='sfx_footstep_carpet_4', format=5, channels=2, frequency=48000, lengthbytes=2976, lengthpcm=13031, pcmblocksize=0, loopstart=0, loopend=0, mode=0x00000000, channelmask=0x00000000, channelorder=0, peakvolume=0.063416.
[LOG] AsyncThread::threadFunc                  : Starting Asynchronous operation on sound 000001CA2F1876B8
[LOG] AsyncThread::threadFunc                  : Finished Asynchronous operation on sound 000001CA2F1876B8
[LOG] SoundI::release                          :  (000001CA587A5378)
[LOG] SoundI::release                          :     mus_main_a2 (000001CA2EAA9BF8)
[LOG] SoundI::release                          :  (000001CA50D3E418)
[LOG] SoundI::release                          :     mus_main_a1 (000001CA2EAA9F38)
[LOG] SoundI::release                          :  (000001CA587A54E8)
[LOG] SoundI::release                          :     mus_main_a3 (000001CA2EAA9D98)
[LOG] SoundI::release                          : mus_main_a4 (000001CA50A32D08)
[LOG] SoundI::release                          :     mus_main_a4 (000001CA2E910D08)
[LOG] SoundI::release                          :     mus_main_a4 (000001CA2F1876B8)
[LOG] SoundI::release                          :  (000001C9A6582618)
[LOG] SoundI::release                          :     sfx_footstep_carpet_1 (000001C9A4F2BFD8)
[LOG] SoundI::release                          :  (000001CA5FD1D258)
[LOG] SoundI::release                          :     sfx_footstep_carpet_2 (000001C9A4F2B2D8)
[LOG] SoundI::release                          :  (000001C9A65821C8)
[LOG] SoundI::release                          :     sfx_footstep_carpet_3 (000001C9A4F28F18)
[LOG] SoundI::release                          :  (000001CA5FD1CE08)
[LOG] SoundI::release                          :     sfx_footstep_carpet_4 (000001C9A4F2A438)
[LOG] Thread::callback                         : FMOD Studio update thread finished.
[LOG] Thread::callback                         : FMOD Studio bank load thread finished.
[LOG] Profile::disconnectAll                   : Profiler disconnecting all clients
[LOG] Thread::callback                         : FMOD Studio sample load thread finished.
[LOG] LiveUpdate::release                      : 
[LOG] LiveUpdate::reset                        : Reset connection (reason Disconnected)
[LOG] Thread::callback                         : FMOD stream thread finished.
[LOG] Thread::callback                         : FMOD mixer thread finished.
[LOG] Profile::disconnectAll                   : Profiler disconnecting all clients
[LOG] SystemI::close                           : Closed.
[LOG] Manager::readBank                        : fileversion = 135, compatVersion = 132 (oldest = 44, newest = 135)
[LOG] Manager::readBank                        : fileversion = 135, compatVersion = 132 (oldest = 44, newest = 135)
[LOG] Manager::readBank                        : fileversion = 135, compatVersion = 132 (oldest = 44, newest = 135)
[LOG] PlaybackSystem::acquireMasterBus         : Setting master channel group format to 6
